<?xml version="1.0" encoding="utf-8"?>
<shfbBuild product="Sandcastle Help File Builder and Tools" version="2016.9.17.0" projectFile="C:\Projects\GeonBit.UI\geonbitui.shfbproj" started="5/9/2017 10:35:39 PM">
<buildStep step="Initializing">
Finding tools...
The Sandcastle tools are located in &#39;C:\Program Files (x86)\EWSoftware\Sandcastle Help File Builder\&#39;
Searching for HTML Help 1 compiler...
Found HTML Help 1 compiler in &#39;C:\Program Files (x86)\HTML Help Workshop\&#39;
Locating components in the following folder(s):
    C:\Projects\GeonBit.UI
    C:\ProgramData\EWSoftware\Sandcastle Help File Builder\Components and Plug-Ins\
    C:\Program Files (x86)\EWSoftware\Sandcastle Help File Builder\
Using framework reflection data for &#39;.NET Framework 4.5&#39; located in &#39;C:\Program Files (x86)\EWSoftware\Sandcastle Help File Builder\Data\.NETFramework&#39;
Using presentation style &#39;VS2013&#39; located in &#39;C:\Program Files (x86)\EWSoftware\Sandcastle Help File Builder\PresentationStyles\VS2013&#39;
Loading and initializing plug-ins...
Lightweight Website Style Version 2016.9.17.0
Copyright &#169; 2006-2016, Eric Woodruff, All Rights Reserved
Portions Copyright &#169; 2014, Sam Harwell, All Rights Reserved
-------------------------------
Clearing any prior web/markdown output...
</buildStep>
<buildStep step="ValidatingDocumentationSources">
Validating and copying documentation source information
Source: C:\Projects\GeonBit.UI\GeonBit.UI\bin\Debug\GeonBit.UI.XML
Source: C:\Projects\GeonBit.UI\GeonBit.UI\bin\Debug\GeonBit.UI.dll
    Found assembly &#39;C:\Projects\GeonBit.UI\GeonBit.UI\bin\Debug\GeonBit.UI.dll&#39;

Copying XML comments files
    C:\Projects\GeonBit.UI\GeonBit.UI\bin\Debug\GeonBit.UI.XML -&gt; C:\Projects\GeonBit.UI\Help\Working\GeonBit.UI.XML
</buildStep>
<buildStep step="GenerateSharedContent">
Generating shared content files (en-US, English (United States))...
<plugIn name="Lightweight Website Style" behavior="After" priority="1000">
</plugIn>    Last step completed in 00:00:00.0469
</buildStep>
<buildStep step="GenerateApiFilter">
Generating API filter for MRefBuilder...
    Last step completed in 00:00:00.0157
</buildStep>
<buildStep step="GenerateReflectionInfo">
Generating reflection information...
[C:\Windows\Microsoft.NET\Framework64\v4.0.30319\MSBuild.exe - GenerateRefInfo.proj]
Build started 5/9/2017 10:35:42 PM.
Project &quot;C:\Projects\GeonBit.UI\Help\Working\GenerateRefInfo.proj&quot; on node 1 (default targets).
Project file contains ToolsVersion=&quot;12.0&quot;. This toolset may be unknown or missing, in which case you may be able to resolve this by installing the appropriate version of MSBuild, or the build may have been forced to a particular ToolsVersion for policy reasons. Treating the project as if it had ToolsVersion=&quot;4.0&quot;. For more information, please see http://go.microsoft.com/fwlink/?LinkId=291333.
PrepareForBuild:
  Creating directory &quot;obj\Debug\&quot;.
GenerateRefInfo:
  MRefBuilder (v2016.9.17.0)
  Copyright c 2006-2016, Microsoft Corporation, All Rights Reserved.
  Portions Copyright c 2006-2016, Eric Woodruff, All Rights Reserved.
  No source code context base path specified.  Source context information is unavailable.
  Loaded 1 assemblies for reflection and 1 dependency assemblies.
  Wrote information on 3 namespaces, 44 types, and 456 members
  Copying file from &quot;reflection.org&quot; to &quot;reflection.all&quot;.
  XslTransform (v2016.9.17.0)
  Copyright c 2006-2016, Microsoft Corporation, All Rights Reserved.
  Portions Copyright c 2006-2016, Eric Woodruff, All Rights Reserved.
  Applying XSL transformation &#39;C:\Program Files (x86)\EWSoftware\Sandcastle Help File Builder\ProductionTransforms\MergeDuplicates.xsl&#39;.
Done Building Project &quot;C:\Projects\GeonBit.UI\Help\Working\GenerateRefInfo.proj&quot; (default targets).

Build succeeded.

Time Elapsed 00:00:01.21
    Last step completed in 00:00:01.5258
</buildStep>
<buildStep step="TransformReflectionInfo">
Transforming reflection output...
[C:\Windows\Microsoft.NET\Framework64\v4.0.30319\MSBuild.exe - TransformManifest.proj]
Build started 5/9/2017 10:35:44 PM.
Project &quot;C:\Projects\GeonBit.UI\Help\Working\TransformManifest.proj&quot; on node 1 (default targets).
Project file contains ToolsVersion=&quot;12.0&quot;. This toolset may be unknown or missing, in which case you may be able to resolve this by installing the appropriate version of MSBuild, or the build may have been forced to a particular ToolsVersion for policy reasons. Treating the project as if it had ToolsVersion=&quot;4.0&quot;. For more information, please see http://go.microsoft.com/fwlink/?LinkId=291333.
TransformManifest:
  XslTransform (v2016.9.17.0)
  Copyright c 2006-2016, Microsoft Corporation, All Rights Reserved.
  Portions Copyright c 2006-2016, Eric Woodruff, All Rights Reserved.
  Applying XSL transformation &#39;C:\Program Files (x86)\EWSoftware\Sandcastle Help File Builder\\ProductionTransforms\ApplyVSDocModel.xsl&#39;.
  Copying file from &quot;reflection.xml&quot; to &quot;reflection.nofilenames&quot;.
  XslTransform (v2016.9.17.0)
  Copyright c 2006-2016, Microsoft Corporation, All Rights Reserved.
  Portions Copyright c 2006-2016, Eric Woodruff, All Rights Reserved.
  Applying XSL transformation &#39;C:\Program Files (x86)\EWSoftware\Sandcastle Help File Builder\ProductionTransforms\AddFilenames.xsl&#39;.
    Unique name M_GeonBit_UI_UserInterface_Initialize_1 generated for M:GeonBit.UI.UserInterface.Initialize(Microsoft.Xna.Framework.Content.ContentManager,System.String)
    Unique name M_GeonBit_UI_UserInterface_SetCursor_1 generated for M:GeonBit.UI.UserInterface.SetCursor(Microsoft.Xna.Framework.Graphics.Texture2D,System.Int32,System.Nullable{Microsoft.Xna.Framework.Point})
    Unique name M_GeonBit_UI_Entities_ColoredRectangle__ctor_1 generated for M:GeonBit.UI.Entities.ColoredRectangle.#ctor(Microsoft.Xna.Framework.Color,Microsoft.Xna.Framework.Color,System.Int32,Microsoft.Xna.Framework.Vector2,GeonBit.UI.Entities.Anchor,System.Nullable{Microsoft.Xna.Framework.Vector2})
    Unique name M_GeonBit_UI_Entities_ColoredRectangle__ctor_2 generated for M:GeonBit.UI.Entities.ColoredRectangle.#ctor(Microsoft.Xna.Framework.Color,Microsoft.Xna.Framework.Vector2,GeonBit.UI.Entities.Anchor,System.Nullable{Microsoft.Xna.Framework.Vector2})
    Unique name M_GeonBit_UI_Entities_ColoredRectangle__ctor_3 generated for M:GeonBit.UI.Entities.ColoredRectangle.#ctor(Microsoft.Xna.Framework.Vector2,GeonBit.UI.Entities.Anchor,System.Nullable{Microsoft.Xna.Framework.Vector2})
    Unique name M_GeonBit_UI_Entities_DropDown_AddItem_1 generated for M:GeonBit.UI.Entities.DropDown.AddItem(System.String,System.Int32)
    Unique name M_GeonBit_UI_Entities_DropDown_RemoveItem_1 generated for M:GeonBit.UI.Entities.DropDown.RemoveItem(System.String)
    Unique name M_GeonBit_UI_Entities_Paragraph__ctor_1 generated for M:GeonBit.UI.Entities.Paragraph.#ctor(System.String,GeonBit.UI.Entities.Anchor,System.Nullable{Microsoft.Xna.Framework.Vector2},System.Nullable{Microsoft.Xna.Framework.Vector2})
    Unique name M_GeonBit_UI_Entities_ProgressBar__ctor_1 generated for M:GeonBit.UI.Entities.ProgressBar.#ctor(System.UInt32,System.UInt32,Microsoft.Xna.Framework.Vector2,GeonBit.UI.Entities.Anchor,System.Nullable{Microsoft.Xna.Framework.Vector2})
    Unique name M_GeonBit_UI_Entities_SelectList__ctor_1 generated for M:GeonBit.UI.Entities.SelectList.#ctor(Microsoft.Xna.Framework.Vector2,GeonBit.UI.Entities.Anchor,System.Nullable{Microsoft.Xna.Framework.Vector2},GeonBit.UI.Entities.PanelSkin)
    Unique name M_GeonBit_UI_Entities_SelectList_AddItem_1 generated for M:GeonBit.UI.Entities.SelectList.AddItem(System.String,System.Int32)
    Unique name M_GeonBit_UI_Entities_SelectList_RemoveItem_1 generated for M:GeonBit.UI.Entities.SelectList.RemoveItem(System.String)
    Unique name M_GeonBit_UI_Entities_Slider__ctor_1 generated for M:GeonBit.UI.Entities.Slider.#ctor(System.UInt32,System.UInt32,Microsoft.Xna.Framework.Vector2,GeonBit.UI.Entities.SliderSkin,GeonBit.UI.Entities.Anchor,System.Nullable{Microsoft.Xna.Framework.Vector2})
    Unique name M_GeonBit_UI_Entities_TextInput__ctor_1 generated for M:GeonBit.UI.Entities.TextInput.#ctor(System.Boolean,Microsoft.Xna.Framework.Vector2,GeonBit.UI.Entities.Anchor,System.Nullable{Microsoft.Xna.Framework.Vector2},GeonBit.UI.Entities.PanelSkin)
  XslTransform (v2016.9.17.0)
  Copyright c 2006-2016, Microsoft Corporation, All Rights Reserved.
  Portions Copyright c 2006-2016, Eric Woodruff, All Rights Reserved.
  Applying XSL transformation &#39;C:\Program Files (x86)\EWSoftware\Sandcastle Help File Builder\ProductionTransforms\ReflectionToManifest.xsl&#39;.
Done Building Project &quot;C:\Projects\GeonBit.UI\Help\Working\TransformManifest.proj&quot; (default targets).

Build succeeded.

Time Elapsed 00:00:01.02
    Last step completed in 00:00:01.2637
</buildStep>
<buildStep step="GenerateNamespaceSummaries">
Generating namespace summary information...
    Last step completed in 00:00:00.0313
</buildStep>
<buildStep step="CopyAdditionalContent">
Copying additional content files...
No additional content to copy
    Last step completed in 00:00:00.0156
</buildStep>
<buildStep step="MergeTablesOfContents">
Merging conceptual and additional tables of contents...
    Last step completed in 00:00:00.0000
</buildStep>
<buildStep step="GenerateIntermediateTableOfContents">
Generating intermediate table of contents file...
[C:\Windows\Microsoft.NET\Framework64\v4.0.30319\MSBuild.exe - GenerateIntermediateTOC.proj]
Build started 5/9/2017 10:35:45 PM.
Project &quot;C:\Projects\GeonBit.UI\Help\Working\GenerateIntermediateTOC.proj&quot; on node 1 (default targets).
Project file contains ToolsVersion=&quot;12.0&quot;. This toolset may be unknown or missing, in which case you may be able to resolve this by installing the appropriate version of MSBuild, or the build may have been forced to a particular ToolsVersion for policy reasons. Treating the project as if it had ToolsVersion=&quot;4.0&quot;. For more information, please see http://go.microsoft.com/fwlink/?LinkId=291333.
GenerateIntermediateTOC:
  XslTransform (v2016.9.17.0)
  Copyright c 2006-2016, Microsoft Corporation, All Rights Reserved.
  Portions Copyright c 2006-2016, Eric Woodruff, All Rights Reserved.
  Applying XSL transformation &#39;C:\Program Files (x86)\EWSoftware\Sandcastle Help File Builder\\ProductionTransforms\CreateVSToc.xsl&#39;.
Done Building Project &quot;C:\Projects\GeonBit.UI\Help\Working\GenerateIntermediateTOC.proj&quot; (default targets).

Build succeeded.

Time Elapsed 00:00:00.46
Generating conceptual content intermediate TOC file...
    Last step completed in 00:00:00.6876
</buildStep>
<buildStep step="CreateBuildAssemblerConfigs">
Creating Sandcastle configuration files...
    sandcastle.config
    Last step completed in 00:00:00.2813
</buildStep>
<buildStep step="MergeCustomConfigs">
Merging custom build component configurations
C:\Projects\GeonBit.UI\Help\Working\sandcastle.config
  Updating reference topic configurations.
  No conceptual content.  Removing conceptual content components.
    Last step completed in 00:00:00.0156
</buildStep>
<buildStep step="BuildTopics">
Building help topics...
[C:\Windows\Microsoft.NET\Framework64\v4.0.30319\MSBuild.exe - BuildTopics.proj]
Build started 5/9/2017 10:35:46 PM.
Project &quot;C:\Projects\GeonBit.UI\Help\Working\BuildTopics.proj&quot; on node 1 (default targets).
Project file contains ToolsVersion=&quot;12.0&quot;. This toolset may be unknown or missing, in which case you may be able to resolve this by installing the appropriate version of MSBuild, or the build may have been forced to a particular ToolsVersion for policy reasons. Treating the project as if it had ToolsVersion=&quot;4.0&quot;. For more information, please see http://go.microsoft.com/fwlink/?LinkId=291333.
BuildTopics:
  BuildAssembler (v2016.9.17.0)
  Copyright c 2006-2016, Microsoft Corporation, All Rights Reserved.
  Portions Copyright c 2006-2016, Eric Woodruff, All Rights Reserved.
  Loading configuration...
  Processing topics...
BuildAssembler : warning : ShowMissingComponent: [M:GeonBit.UI.DrawUtils.PushRenderTarget(Microsoft.Xna.Framework.Graphics.RenderTarget2D)] Missing &lt;param name=&quot;target&quot;/&gt; documentation [C:\Projects\GeonBit.UI\Help\Working\BuildTopics.proj]
BuildAssembler : warning : ShowMissingComponent: [M:GeonBit.UI.InputHelper.IsKeyDown(Microsoft.Xna.Framework.Input.Keys)] Missing &lt;returns&gt; documentation [C:\Projects\GeonBit.UI\Help\Working\BuildTopics.proj]
BuildAssembler : warning : ShowMissingComponent: [M:GeonBit.UI.InputHelper.IsKeyReleased(Microsoft.Xna.Framework.Input.Keys)] Missing &lt;returns&gt; documentation [C:\Projects\GeonBit.UI\Help\Working\BuildTopics.proj]
BuildAssembler : warning : ShowMissingComponent: [M:GeonBit.UI.InputHelper.MouseButtonClick(GeonBit.UI.MouseButton)] Missing &lt;returns&gt; documentation [C:\Projects\GeonBit.UI\Help\Working\BuildTopics.proj]
BuildAssembler : warning : ShowMissingComponent: [M:GeonBit.UI.InputHelper.MouseButtonDown(GeonBit.UI.MouseButton)] Missing &lt;returns&gt; documentation [C:\Projects\GeonBit.UI\Help\Working\BuildTopics.proj]
BuildAssembler : warning : ShowMissingComponent: [M:GeonBit.UI.InputHelper.MouseButtonPressed(GeonBit.UI.MouseButton)] Missing &lt;returns&gt; documentation [C:\Projects\GeonBit.UI\Help\Working\BuildTopics.proj]
BuildAssembler : warning : ShowMissingComponent: [M:GeonBit.UI.InputHelper.MouseButtonReleased(GeonBit.UI.MouseButton)] Missing &lt;returns&gt; documentation [C:\Projects\GeonBit.UI\Help\Working\BuildTopics.proj]
BuildAssembler : warning : ResolveReferenceLinksComponent: [F:GeonBit.UI.Resources.ButtonData] Unknown reference link target &#39;T:GeonBit.UI.DataTypes.TextureData&#39;. [C:\Projects\GeonBit.UI\Help\Working\BuildTopics.proj]
BuildAssembler : warning : ResolveReferenceLinksComponent: [F:GeonBit.UI.Resources.ButtonData] Unknown reference link target &#39;T:GeonBit.UI.DataTypes.TextureData&#39;. [C:\Projects\GeonBit.UI\Help\Working\BuildTopics.proj]
BuildAssembler : warning : ResolveReferenceLinksComponent: [F:GeonBit.UI.Resources.CursorsData] Unknown reference link target &#39;T:GeonBit.UI.DataTypes.CursorTextureData&#39;. [C:\Projects\GeonBit.UI\Help\Working\BuildTopics.proj]
BuildAssembler : warning : ResolveReferenceLinksComponent: [F:GeonBit.UI.Resources.CursorsData] Unknown reference link target &#39;T:GeonBit.UI.DataTypes.CursorTextureData&#39;. [C:\Projects\GeonBit.UI\Help\Working\BuildTopics.proj]
BuildAssembler : warning : ResolveReferenceLinksComponent: [F:GeonBit.UI.Resources.PanelData] Unknown reference link target &#39;T:GeonBit.UI.DataTypes.TextureData&#39;. [C:\Projects\GeonBit.UI\Help\Working\BuildTopics.proj]
BuildAssembler : warning : ResolveReferenceLinksComponent: [F:GeonBit.UI.Resources.PanelData] Unknown reference link target &#39;T:GeonBit.UI.DataTypes.TextureData&#39;. [C:\Projects\GeonBit.UI\Help\Working\BuildTopics.proj]
BuildAssembler : warning : ResolveReferenceLinksComponent: [F:GeonBit.UI.Resources.ProgressBarData] Unknown reference link target &#39;T:GeonBit.UI.DataTypes.TextureData&#39;. [C:\Projects\GeonBit.UI\Help\Working\BuildTopics.proj]
BuildAssembler : warning : ResolveReferenceLinksComponent: [F:GeonBit.UI.Resources.ProgressBarData] Unknown reference link target &#39;T:GeonBit.UI.DataTypes.TextureData&#39;. [C:\Projects\GeonBit.UI\Help\Working\BuildTopics.proj]
BuildAssembler : warning : ResolveReferenceLinksComponent: [F:GeonBit.UI.Resources.SliderData] Unknown reference link target &#39;T:GeonBit.UI.DataTypes.TextureData&#39;. [C:\Projects\GeonBit.UI\Help\Working\BuildTopics.proj]
BuildAssembler : warning : ResolveReferenceLinksComponent: [F:GeonBit.UI.Resources.SliderData] Unknown reference link target &#39;T:GeonBit.UI.DataTypes.TextureData&#39;. [C:\Projects\GeonBit.UI\Help\Working\BuildTopics.proj]
BuildAssembler : warning : ResolveReferenceLinksComponent: [F:GeonBit.UI.Resources.VerticalScrollbarData] Unknown reference link target &#39;T:GeonBit.UI.DataTypes.TextureData&#39;. [C:\Projects\GeonBit.UI\Help\Working\BuildTopics.proj]
BuildAssembler : warning : ResolveReferenceLinksComponent: [F:GeonBit.UI.Resources.VerticalScrollbarData] Unknown reference link target &#39;T:GeonBit.UI.DataTypes.TextureData&#39;. [C:\Projects\GeonBit.UI\Help\Working\BuildTopics.proj]
BuildAssembler : warning : ResolveReferenceLinksComponent: [M:GeonBit.UI.Entities.Entity.GetActiveStyle(System.String)] Unknown reference link target &#39;T:GeonBit.UI.DataTypes.StyleProperty&#39;. [C:\Projects\GeonBit.UI\Help\Working\BuildTopics.proj]
BuildAssembler : warning : ResolveReferenceLinksComponent: [M:GeonBit.UI.Entities.Entity.GetActiveStyle(System.String)] Unknown reference link target &#39;T:GeonBit.UI.DataTypes.StyleProperty&#39;. [C:\Projects\GeonBit.UI\Help\Working\BuildTopics.proj]
BuildAssembler : warning : ResolveReferenceLinksComponent: [M:GeonBit.UI.Entities.Entity.GetStyleProperty(System.String,GeonBit.UI.Entities.EntityState,System.Boolean)] Unknown reference link target &#39;T:GeonBit.UI.DataTypes.StyleProperty&#39;. [C:\Projects\GeonBit.UI\Help\Working\BuildTopics.proj]
BuildAssembler : warning : ResolveReferenceLinksComponent: [M:GeonBit.UI.Entities.Entity.GetStyleProperty(System.String,GeonBit.UI.Entities.EntityState,System.Boolean)] Unknown reference link target &#39;T:GeonBit.UI.DataTypes.StyleProperty&#39;. [C:\Projects\GeonBit.UI\Help\Working\BuildTopics.proj]
BuildAssembler : warning : ResolveReferenceLinksComponent: [M:GeonBit.UI.Entities.Entity.SetStyleProperty(System.String,GeonBit.UI.DataTypes.StyleProperty,GeonBit.UI.Entities.EntityState,System.Boolean)] Unknown reference link target &#39;T:GeonBit.UI.DataTypes.StyleProperty&#39;. [C:\Projects\GeonBit.UI\Help\Working\BuildTopics.proj]
BuildAssembler : warning : ResolveReferenceLinksComponent: [M:GeonBit.UI.Entities.Entity.SetStyleProperty(System.String,GeonBit.UI.DataTypes.StyleProperty,GeonBit.UI.Entities.EntityState,System.Boolean)] Unknown reference link target &#39;T:GeonBit.UI.DataTypes.StyleProperty&#39;. [C:\Projects\GeonBit.UI\Help\Working\BuildTopics.proj]
BuildAssembler : warning : ResolveReferenceLinksComponent: [T:GeonBit.UI.Entities.StyleSheet] Unknown reference link target &#39;T:GeonBit.UI.DataTypes.StyleProperty&#39;. [C:\Projects\GeonBit.UI\Help\Working\BuildTopics.proj]
BuildAssembler : warning : ResolveReferenceLinksComponent: [T:GeonBit.UI.Entities.StyleSheet] Unknown reference link target &#39;T:GeonBit.UI.DataTypes.StyleProperty&#39;. [C:\Projects\GeonBit.UI\Help\Working\BuildTopics.proj]
BuildAssembler : warning : ResolveReferenceLinksComponent: [T:GeonBit.UI.Entities.StyleSheet] Unknown reference link target &#39;T:GeonBit.UI.DataTypes.StyleProperty&#39;. [C:\Projects\GeonBit.UI\Help\Working\BuildTopics.proj]
BuildAssembler : warning : ResolveReferenceLinksComponent: [T:GeonBit.UI.Entities.StyleSheet] Unknown reference link target &#39;T:GeonBit.UI.DataTypes.StyleProperty&#39;. [C:\Projects\GeonBit.UI\Help\Working\BuildTopics.proj]
BuildAssembler : warning : ResolveReferenceLinksComponent: [T:GeonBit.UI.Entities.StyleSheet] Unknown reference link target &#39;T:GeonBit.UI.DataTypes.StyleProperty&#39;. [C:\Projects\GeonBit.UI\Help\Working\BuildTopics.proj]
BuildAssembler : warning : ResolveReferenceLinksComponent: [T:GeonBit.UI.Entities.StyleSheet] Unknown reference link target &#39;T:GeonBit.UI.DataTypes.StyleProperty&#39;. [C:\Projects\GeonBit.UI\Help\Working\BuildTopics.proj]
BuildAssembler : warning : ResolveReferenceLinksComponent: [T:GeonBit.UI.Entities.StyleSheet] Unknown reference link target &#39;T:GeonBit.UI.DataTypes.StyleProperty&#39;. [C:\Projects\GeonBit.UI\Help\Working\BuildTopics.proj]
BuildAssembler : warning : ResolveReferenceLinksComponent: [T:GeonBit.UI.Entities.StyleSheet] Unknown reference link target &#39;T:GeonBit.UI.DataTypes.StyleProperty&#39;. [C:\Projects\GeonBit.UI\Help\Working\BuildTopics.proj]
BuildAssembler : warning : ResolveReferenceLinksComponent: [T:GeonBit.UI.Entities.StyleSheet] Unknown reference link target &#39;T:GeonBit.UI.DataTypes.StyleProperty&#39;. [C:\Projects\GeonBit.UI\Help\Working\BuildTopics.proj]
BuildAssembler : warning : ResolveReferenceLinksComponent: [T:GeonBit.UI.Entities.StyleSheet] Unknown reference link target &#39;T:GeonBit.UI.DataTypes.StyleProperty&#39;. [C:\Projects\GeonBit.UI\Help\Working\BuildTopics.proj]
BuildAssembler : warning : ResolveReferenceLinksComponent: [T:GeonBit.UI.Entities.StyleSheet] Unknown reference link target &#39;T:GeonBit.UI.DataTypes.StyleProperty&#39;. [C:\Projects\GeonBit.UI\Help\Working\BuildTopics.proj]
BuildAssembler : warning : ResolveReferenceLinksComponent: [T:GeonBit.UI.Entities.StyleSheet] Unknown reference link target &#39;T:GeonBit.UI.DataTypes.StyleProperty&#39;. [C:\Projects\GeonBit.UI\Help\Working\BuildTopics.proj]
BuildAssembler : warning : ResolveReferenceLinksComponent: [T:GeonBit.UI.Entities.StyleSheet] Unknown reference link target &#39;T:GeonBit.UI.DataTypes.StyleProperty&#39;. [C:\Projects\GeonBit.UI\Help\Working\BuildTopics.proj]
BuildAssembler : warning : ResolveReferenceLinksComponent: [T:GeonBit.UI.Entities.StyleSheet] Unknown reference link target &#39;T:GeonBit.UI.DataTypes.StyleProperty&#39;. [C:\Projects\GeonBit.UI\Help\Working\BuildTopics.proj]
BuildAssembler : warning : ResolveReferenceLinksComponent: [T:GeonBit.UI.Entities.StyleSheet] Unknown reference link target &#39;T:GeonBit.UI.DataTypes.StyleProperty&#39;. [C:\Projects\GeonBit.UI\Help\Working\BuildTopics.proj]
BuildAssembler : warning : ResolveReferenceLinksComponent: [T:GeonBit.UI.Entities.StyleSheet] Unknown reference link target &#39;T:GeonBit.UI.DataTypes.StyleProperty&#39;. [C:\Projects\GeonBit.UI\Help\Working\BuildTopics.proj]
BuildAssembler : warning : ResolveReferenceLinksComponent: [T:GeonBit.UI.Entities.StyleSheet] Unknown reference link target &#39;T:GeonBit.UI.DataTypes.StyleProperty&#39;. [C:\Projects\GeonBit.UI\Help\Working\BuildTopics.proj]
BuildAssembler : warning : ResolveReferenceLinksComponent: [T:GeonBit.UI.Entities.StyleSheet] Unknown reference link target &#39;T:GeonBit.UI.DataTypes.StyleProperty&#39;. [C:\Projects\GeonBit.UI\Help\Working\BuildTopics.proj]
BuildAssembler : warning : ResolveReferenceLinksComponent: [T:GeonBit.UI.Entities.StyleSheet] Unknown reference link target &#39;T:GeonBit.UI.DataTypes.StyleProperty&#39;. [C:\Projects\GeonBit.UI\Help\Working\BuildTopics.proj]
BuildAssembler : warning : ResolveReferenceLinksComponent: [T:GeonBit.UI.Entities.StyleSheet] Unknown reference link target &#39;T:GeonBit.UI.DataTypes.StyleProperty&#39;. [C:\Projects\GeonBit.UI\Help\Working\BuildTopics.proj]
BuildAssembler : warning : ResolveReferenceLinksComponent: [T:GeonBit.UI.Entities.StyleSheet] Unknown reference link target &#39;T:GeonBit.UI.DataTypes.StyleProperty&#39;. [C:\Projects\GeonBit.UI\Help\Working\BuildTopics.proj]
BuildAssembler : warning : ResolveReferenceLinksComponent: [T:GeonBit.UI.Entities.StyleSheet] Unknown reference link target &#39;T:GeonBit.UI.DataTypes.StyleProperty&#39;. [C:\Projects\GeonBit.UI\Help\Working\BuildTopics.proj]
BuildAssembler : warning : ResolveReferenceLinksComponent: [T:GeonBit.UI.Entities.StyleSheet] Unknown reference link target &#39;T:GeonBit.UI.DataTypes.StyleProperty&#39;. [C:\Projects\GeonBit.UI\Help\Working\BuildTopics.proj]
BuildAssembler : warning : ResolveReferenceLinksComponent: [T:GeonBit.UI.Entities.StyleSheet] Unknown reference link target &#39;T:GeonBit.UI.DataTypes.StyleProperty&#39;. [C:\Projects\GeonBit.UI\Help\Working\BuildTopics.proj]
BuildAssembler : warning : ResolveReferenceLinksComponent: [T:GeonBit.UI.Entities.StyleSheet] Unknown reference link target &#39;T:GeonBit.UI.DataTypes.StyleProperty&#39;. [C:\Projects\GeonBit.UI\Help\Working\BuildTopics.proj]
BuildAssembler : warning : ResolveReferenceLinksComponent: [T:GeonBit.UI.Entities.StyleSheet] Unknown reference link target &#39;T:GeonBit.UI.DataTypes.StyleProperty&#39;. [C:\Projects\GeonBit.UI\Help\Working\BuildTopics.proj]
BuildAssembler : warning : ResolveReferenceLinksComponent: [T:GeonBit.UI.Entities.StyleSheet] Unknown reference link target &#39;T:GeonBit.UI.DataTypes.StyleProperty&#39;. [C:\Projects\GeonBit.UI\Help\Working\BuildTopics.proj]
BuildAssembler : warning : ResolveReferenceLinksComponent: [T:GeonBit.UI.Entities.StyleSheet] Unknown reference link target &#39;T:GeonBit.UI.DataTypes.StyleProperty&#39;. [C:\Projects\GeonBit.UI\Help\Working\BuildTopics.proj]
BuildAssembler : warning : ResolveReferenceLinksComponent: [T:GeonBit.UI.Entities.StyleSheet] Unknown reference link target &#39;T:GeonBit.UI.DataTypes.StyleProperty&#39;. [C:\Projects\GeonBit.UI\Help\Working\BuildTopics.proj]
BuildAssembler : warning : ResolveReferenceLinksComponent: [T:GeonBit.UI.Entities.StyleSheet] Unknown reference link target &#39;T:GeonBit.UI.DataTypes.StyleProperty&#39;. [C:\Projects\GeonBit.UI\Help\Working\BuildTopics.proj]
BuildAssembler : warning : ResolveReferenceLinksComponent: [Methods.T:GeonBit.UI.Entities.StyleSheet] Unknown reference link target &#39;T:GeonBit.UI.DataTypes.StyleProperty&#39;. [C:\Projects\GeonBit.UI\Help\Working\BuildTopics.proj]
BuildAssembler : warning : ResolveReferenceLinksComponent: [Methods.T:GeonBit.UI.Entities.StyleSheet] Unknown reference link target &#39;T:GeonBit.UI.DataTypes.StyleProperty&#39;. [C:\Projects\GeonBit.UI\Help\Working\BuildTopics.proj]
BuildAssembler : warning : ResolveReferenceLinksComponent: [Methods.T:GeonBit.UI.Entities.StyleSheet] Unknown reference link target &#39;T:GeonBit.UI.DataTypes.StyleProperty&#39;. [C:\Projects\GeonBit.UI\Help\Working\BuildTopics.proj]
BuildAssembler : warning : ResolveReferenceLinksComponent: [Methods.T:GeonBit.UI.Entities.StyleSheet] Unknown reference link target &#39;T:GeonBit.UI.DataTypes.StyleProperty&#39;. [C:\Projects\GeonBit.UI\Help\Working\BuildTopics.proj]
BuildAssembler : warning : ResolveReferenceLinksComponent: [Methods.T:GeonBit.UI.Entities.StyleSheet] Unknown reference link target &#39;T:GeonBit.UI.DataTypes.StyleProperty&#39;. [C:\Projects\GeonBit.UI\Help\Working\BuildTopics.proj]
BuildAssembler : warning : ResolveReferenceLinksComponent: [Methods.T:GeonBit.UI.Entities.StyleSheet] Unknown reference link target &#39;T:GeonBit.UI.DataTypes.StyleProperty&#39;. [C:\Projects\GeonBit.UI\Help\Working\BuildTopics.proj]
BuildAssembler : warning : ResolveReferenceLinksComponent: [Methods.T:GeonBit.UI.Entities.StyleSheet] Unknown reference link target &#39;T:GeonBit.UI.DataTypes.StyleProperty&#39;. [C:\Projects\GeonBit.UI\Help\Working\BuildTopics.proj]
BuildAssembler : warning : ResolveReferenceLinksComponent: [Methods.T:GeonBit.UI.Entities.StyleSheet] Unknown reference link target &#39;T:GeonBit.UI.DataTypes.StyleProperty&#39;. [C:\Projects\GeonBit.UI\Help\Working\BuildTopics.proj]
BuildAssembler : warning : ResolveReferenceLinksComponent: [Methods.T:GeonBit.UI.Entities.StyleSheet] Unknown reference link target &#39;T:GeonBit.UI.DataTypes.StyleProperty&#39;. [C:\Projects\GeonBit.UI\Help\Working\BuildTopics.proj]
BuildAssembler : warning : ResolveReferenceLinksComponent: [Methods.T:GeonBit.UI.Entities.StyleSheet] Unknown reference link target &#39;T:GeonBit.UI.DataTypes.StyleProperty&#39;. [C:\Projects\GeonBit.UI\Help\Working\BuildTopics.proj]
BuildAssembler : warning : ResolveReferenceLinksComponent: [Methods.T:GeonBit.UI.Entities.StyleSheet] Unknown reference link target &#39;T:GeonBit.UI.DataTypes.StyleProperty&#39;. [C:\Projects\GeonBit.UI\Help\Working\BuildTopics.proj]
BuildAssembler : warning : ResolveReferenceLinksComponent: [Methods.T:GeonBit.UI.Entities.StyleSheet] Unknown reference link target &#39;T:GeonBit.UI.DataTypes.StyleProperty&#39;. [C:\Projects\GeonBit.UI\Help\Working\BuildTopics.proj]
BuildAssembler : warning : ResolveReferenceLinksComponent: [Methods.T:GeonBit.UI.Entities.StyleSheet] Unknown reference link target &#39;T:GeonBit.UI.DataTypes.StyleProperty&#39;. [C:\Projects\GeonBit.UI\Help\Working\BuildTopics.proj]
BuildAssembler : warning : ResolveReferenceLinksComponent: [Methods.T:GeonBit.UI.Entities.StyleSheet] Unknown reference link target &#39;T:GeonBit.UI.DataTypes.StyleProperty&#39;. [C:\Projects\GeonBit.UI\Help\Working\BuildTopics.proj]
BuildAssembler : warning : ResolveReferenceLinksComponent: [Methods.T:GeonBit.UI.Entities.StyleSheet] Unknown reference link target &#39;T:GeonBit.UI.DataTypes.StyleProperty&#39;. [C:\Projects\GeonBit.UI\Help\Working\BuildTopics.proj]
BuildAssembler : warning : ResolveReferenceLinksComponent: [Methods.T:GeonBit.UI.Entities.StyleSheet] Unknown reference link target &#39;T:GeonBit.UI.DataTypes.StyleProperty&#39;. [C:\Projects\GeonBit.UI\Help\Working\BuildTopics.proj]
BuildAssembler : warning : ResolveReferenceLinksComponent: [Methods.T:GeonBit.UI.Entities.StyleSheet] Unknown reference link target &#39;T:GeonBit.UI.DataTypes.StyleProperty&#39;. [C:\Projects\GeonBit.UI\Help\Working\BuildTopics.proj]
BuildAssembler : warning : ResolveReferenceLinksComponent: [Methods.T:GeonBit.UI.Entities.StyleSheet] Unknown reference link target &#39;T:GeonBit.UI.DataTypes.StyleProperty&#39;. [C:\Projects\GeonBit.UI\Help\Working\BuildTopics.proj]
BuildAssembler : warning : ResolveReferenceLinksComponent: [Properties.T:GeonBit.UI.Entities.StyleSheet] Unknown reference link target &#39;T:GeonBit.UI.DataTypes.StyleProperty&#39;. [C:\Projects\GeonBit.UI\Help\Working\BuildTopics.proj]
BuildAssembler : warning : ResolveReferenceLinksComponent: [Properties.T:GeonBit.UI.Entities.StyleSheet] Unknown reference link target &#39;T:GeonBit.UI.DataTypes.StyleProperty&#39;. [C:\Projects\GeonBit.UI\Help\Working\BuildTopics.proj]
BuildAssembler : warning : ResolveReferenceLinksComponent: [Properties.T:GeonBit.UI.Entities.StyleSheet] Unknown reference link target &#39;T:GeonBit.UI.DataTypes.StyleProperty&#39;. [C:\Projects\GeonBit.UI\Help\Working\BuildTopics.proj]
BuildAssembler : warning : ResolveReferenceLinksComponent: [Properties.T:GeonBit.UI.Entities.StyleSheet] Unknown reference link target &#39;T:GeonBit.UI.DataTypes.StyleProperty&#39;. [C:\Projects\GeonBit.UI\Help\Working\BuildTopics.proj]
BuildAssembler : warning : ResolveReferenceLinksComponent: [Properties.T:GeonBit.UI.Entities.StyleSheet] Unknown reference link target &#39;T:GeonBit.UI.DataTypes.StyleProperty&#39;. [C:\Projects\GeonBit.UI\Help\Working\BuildTopics.proj]
BuildAssembler : warning : ResolveReferenceLinksComponent: [Properties.T:GeonBit.UI.Entities.StyleSheet] Unknown reference link target &#39;T:GeonBit.UI.DataTypes.StyleProperty&#39;. [C:\Projects\GeonBit.UI\Help\Working\BuildTopics.proj]
BuildAssembler : warning : ResolveReferenceLinksComponent: [Properties.T:GeonBit.UI.Entities.StyleSheet] Unknown reference link target &#39;T:GeonBit.UI.DataTypes.StyleProperty&#39;. [C:\Projects\GeonBit.UI\Help\Working\BuildTopics.proj]
BuildAssembler : warning : ResolveReferenceLinksComponent: [Properties.T:GeonBit.UI.Entities.StyleSheet] Unknown reference link target &#39;T:GeonBit.UI.DataTypes.StyleProperty&#39;. [C:\Projects\GeonBit.UI\Help\Working\BuildTopics.proj]
BuildAssembler : warning : ResolveReferenceLinksComponent: [Properties.T:GeonBit.UI.Entities.StyleSheet] Unknown reference link target &#39;T:GeonBit.UI.DataTypes.StyleProperty&#39;. [C:\Projects\GeonBit.UI\Help\Working\BuildTopics.proj]
BuildAssembler : warning : ResolveReferenceLinksComponent: [Properties.T:GeonBit.UI.Entities.StyleSheet] Unknown reference link target &#39;T:GeonBit.UI.DataTypes.StyleProperty&#39;. [C:\Projects\GeonBit.UI\Help\Working\BuildTopics.proj]
BuildAssembler : warning : ResolveReferenceLinksComponent: [M:GeonBit.UI.Entities.StyleSheet.GetStyleProperty(System.String,GeonBit.UI.Entities.EntityState,System.Boolean)] Unknown reference link target &#39;T:GeonBit.UI.DataTypes.StyleProperty&#39;. [C:\Projects\GeonBit.UI\Help\Working\BuildTopics.proj]
BuildAssembler : warning : ResolveReferenceLinksComponent: [M:GeonBit.UI.Entities.StyleSheet.GetStyleProperty(System.String,GeonBit.UI.Entities.EntityState,System.Boolean)] Unknown reference link target &#39;T:GeonBit.UI.DataTypes.StyleProperty&#39;. [C:\Projects\GeonBit.UI\Help\Working\BuildTopics.proj]
BuildAssembler : warning : ResolveReferenceLinksComponent: [M:GeonBit.UI.Entities.StyleSheet.SetStyleProperty(System.String,GeonBit.UI.DataTypes.StyleProperty,GeonBit.UI.Entities.EntityState)] Unknown reference link target &#39;T:GeonBit.UI.DataTypes.StyleProperty&#39;. [C:\Projects\GeonBit.UI\Help\Working\BuildTopics.proj]
BuildAssembler : warning : ResolveReferenceLinksComponent: [M:GeonBit.UI.Entities.StyleSheet.SetStyleProperty(System.String,GeonBit.UI.DataTypes.StyleProperty,GeonBit.UI.Entities.EntityState)] Unknown reference link target &#39;T:GeonBit.UI.DataTypes.StyleProperty&#39;. [C:\Projects\GeonBit.UI\Help\Working\BuildTopics.proj]
  Processed 506 topic(s)
  87 warning(s)
  CopyFromIndexComponent: &quot;reflection&quot; in-memory cache entries used: 3 of 15.
  CopyFromIndexComponent: &quot;comments&quot; in-memory cache entries used: 2 of 30.
  SaveComponent: Waiting for the document writer task to finish (100 Help1 API file(s) remaining)...
Done Building Project &quot;C:\Projects\GeonBit.UI\Help\Working\BuildTopics.proj&quot; (default targets).

Build succeeded.

Time Elapsed 00:00:16.40
    Last step completed in 00:00:16.7030
</buildStep>
<buildStep step="CombiningIntermediateTocFiles">
Combining conceptual and API intermediate TOC files...
    Last step completed in 00:00:00.0000
</buildStep>
<buildStep step="ExtractingHtmlInfo">
Extracting HTML info for HTML Help 1 and/or website...
[C:\Windows\Microsoft.NET\Framework64\v4.0.30319\MSBuild.exe - ExtractHtmlInfo.proj]
Project file contains ToolsVersion=&quot;12.0&quot;. This toolset may be unknown or missing, in which case you may be able to resolve this by installing the appropriate version of MSBuild, or the build may have been forced to a particular ToolsVersion for policy reasons. Treating the project as if it had ToolsVersion=&quot;4.0&quot;. For more information, please see http://go.microsoft.com/fwlink/?LinkId=291333.
Sandcastle Help File Builder and Tools, version 2016.9.17.0
Copyright c 2006-2016, Eric Woodruff, All Rights Reserved
E-Mail: Eric@EWoodruff.us

Using LCID &#39;1033&#39;, code page &#39;65001&#39;, encoding charset &#39;UTF-8&#39;.

Processing Help 1 files in C:\Projects\GeonBit.UI\Help\Working\Output\HtmlHelp1
Processed 506 HTML files
Sorting keywords and generating See Also indices
Saving HTML Help 1 keyword index to C:\Projects\GeonBit.UI\Help\Working\Documentation.hhk
Saving HTML Help 1 table of contents to C:\Projects\GeonBit.UI\Help\Working\Documentation.hhc

Processing website files in C:\Projects\GeonBit.UI\Help\Working\Output\Website
Processed 506 HTML files
Sorting keywords and generating See Also indices
Saving website keyword index to C:\Projects\GeonBit.UI\Help\Working\WebKI.xml
Saving website table of contents to C:\Projects\GeonBit.UI\Help\Working\WebTOC.xml
    Last step completed in 00:00:05.0631
</buildStep>
<buildStep step="CopyStandardHelpContent">
Copying standard help content...
C:\Program Files (x86)\EWSoftware\Sandcastle Help File Builder\PresentationStyles\VS2013\icons\AlertCaution.png -&gt; C:\Projects\GeonBit.UI\Help\Working\Output\HtmlHelp1\icons\AlertCaution.png
C:\Program Files (x86)\EWSoftware\Sandcastle Help File Builder\PresentationStyles\VS2013\icons\AlertNote.png -&gt; C:\Projects\GeonBit.UI\Help\Working\Output\HtmlHelp1\icons\AlertNote.png
C:\Program Files (x86)\EWSoftware\Sandcastle Help File Builder\PresentationStyles\VS2013\icons\AlertSecurity.png -&gt; C:\Projects\GeonBit.UI\Help\Working\Output\HtmlHelp1\icons\AlertSecurity.png
C:\Program Files (x86)\EWSoftware\Sandcastle Help File Builder\PresentationStyles\VS2013\icons\CFW.gif -&gt; C:\Projects\GeonBit.UI\Help\Working\Output\HtmlHelp1\icons\CFW.gif
C:\Program Files (x86)\EWSoftware\Sandcastle Help File Builder\PresentationStyles\VS2013\icons\CodeExample.png -&gt; C:\Projects\GeonBit.UI\Help\Working\Output\HtmlHelp1\icons\CodeExample.png
C:\Program Files (x86)\EWSoftware\Sandcastle Help File Builder\PresentationStyles\VS2013\icons\favicon.ico -&gt; C:\Projects\GeonBit.UI\Help\Working\Output\HtmlHelp1\icons\favicon.ico
C:\Program Files (x86)\EWSoftware\Sandcastle Help File Builder\PresentationStyles\VS2013\icons\privclass.gif -&gt; C:\Projects\GeonBit.UI\Help\Working\Output\HtmlHelp1\icons\privclass.gif
C:\Program Files (x86)\EWSoftware\Sandcastle Help File Builder\PresentationStyles\VS2013\icons\privdelegate.gif -&gt; C:\Projects\GeonBit.UI\Help\Working\Output\HtmlHelp1\icons\privdelegate.gif
C:\Program Files (x86)\EWSoftware\Sandcastle Help File Builder\PresentationStyles\VS2013\icons\privenumeration.gif -&gt; C:\Projects\GeonBit.UI\Help\Working\Output\HtmlHelp1\icons\privenumeration.gif
C:\Program Files (x86)\EWSoftware\Sandcastle Help File Builder\PresentationStyles\VS2013\icons\privevent.gif -&gt; C:\Projects\GeonBit.UI\Help\Working\Output\HtmlHelp1\icons\privevent.gif
C:\Program Files (x86)\EWSoftware\Sandcastle Help File Builder\PresentationStyles\VS2013\icons\privextension.gif -&gt; C:\Projects\GeonBit.UI\Help\Working\Output\HtmlHelp1\icons\privextension.gif
C:\Program Files (x86)\EWSoftware\Sandcastle Help File Builder\PresentationStyles\VS2013\icons\privfield.gif -&gt; C:\Projects\GeonBit.UI\Help\Working\Output\HtmlHelp1\icons\privfield.gif
C:\Program Files (x86)\EWSoftware\Sandcastle Help File Builder\PresentationStyles\VS2013\icons\privinterface.gif -&gt; C:\Projects\GeonBit.UI\Help\Working\Output\HtmlHelp1\icons\privinterface.gif
C:\Program Files (x86)\EWSoftware\Sandcastle Help File Builder\PresentationStyles\VS2013\icons\privmethod.gif -&gt; C:\Projects\GeonBit.UI\Help\Working\Output\HtmlHelp1\icons\privmethod.gif
C:\Program Files (x86)\EWSoftware\Sandcastle Help File Builder\PresentationStyles\VS2013\icons\privproperty.gif -&gt; C:\Projects\GeonBit.UI\Help\Working\Output\HtmlHelp1\icons\privproperty.gif
C:\Program Files (x86)\EWSoftware\Sandcastle Help File Builder\PresentationStyles\VS2013\icons\privstructure.gif -&gt; C:\Projects\GeonBit.UI\Help\Working\Output\HtmlHelp1\icons\privstructure.gif
C:\Program Files (x86)\EWSoftware\Sandcastle Help File Builder\PresentationStyles\VS2013\icons\protclass.gif -&gt; C:\Projects\GeonBit.UI\Help\Working\Output\HtmlHelp1\icons\protclass.gif
C:\Program Files (x86)\EWSoftware\Sandcastle Help File Builder\PresentationStyles\VS2013\icons\protdelegate.gif -&gt; C:\Projects\GeonBit.UI\Help\Working\Output\HtmlHelp1\icons\protdelegate.gif
C:\Program Files (x86)\EWSoftware\Sandcastle Help File Builder\PresentationStyles\VS2013\icons\protenumeration.gif -&gt; C:\Projects\GeonBit.UI\Help\Working\Output\HtmlHelp1\icons\protenumeration.gif
C:\Program Files (x86)\EWSoftware\Sandcastle Help File Builder\PresentationStyles\VS2013\icons\protevent.gif -&gt; C:\Projects\GeonBit.UI\Help\Working\Output\HtmlHelp1\icons\protevent.gif
C:\Program Files (x86)\EWSoftware\Sandcastle Help File Builder\PresentationStyles\VS2013\icons\protextension.gif -&gt; C:\Projects\GeonBit.UI\Help\Working\Output\HtmlHelp1\icons\protextension.gif
C:\Program Files (x86)\EWSoftware\Sandcastle Help File Builder\PresentationStyles\VS2013\icons\protfield.gif -&gt; C:\Projects\GeonBit.UI\Help\Working\Output\HtmlHelp1\icons\protfield.gif
C:\Program Files (x86)\EWSoftware\Sandcastle Help File Builder\PresentationStyles\VS2013\icons\protinterface.gif -&gt; C:\Projects\GeonBit.UI\Help\Working\Output\HtmlHelp1\icons\protinterface.gif
C:\Program Files (x86)\EWSoftware\Sandcastle Help File Builder\PresentationStyles\VS2013\icons\protmethod.gif -&gt; C:\Projects\GeonBit.UI\Help\Working\Output\HtmlHelp1\icons\protmethod.gif
C:\Program Files (x86)\EWSoftware\Sandcastle Help File Builder\PresentationStyles\VS2013\icons\protoperator.gif -&gt; C:\Projects\GeonBit.UI\Help\Working\Output\HtmlHelp1\icons\protoperator.gif
C:\Program Files (x86)\EWSoftware\Sandcastle Help File Builder\PresentationStyles\VS2013\icons\protproperty.gif -&gt; C:\Projects\GeonBit.UI\Help\Working\Output\HtmlHelp1\icons\protproperty.gif
C:\Program Files (x86)\EWSoftware\Sandcastle Help File Builder\PresentationStyles\VS2013\icons\protstructure.gif -&gt; C:\Projects\GeonBit.UI\Help\Working\Output\HtmlHelp1\icons\protstructure.gif
C:\Program Files (x86)\EWSoftware\Sandcastle Help File Builder\PresentationStyles\VS2013\icons\pubclass.gif -&gt; C:\Projects\GeonBit.UI\Help\Working\Output\HtmlHelp1\icons\pubclass.gif
C:\Program Files (x86)\EWSoftware\Sandcastle Help File Builder\PresentationStyles\VS2013\icons\pubdelegate.gif -&gt; C:\Projects\GeonBit.UI\Help\Working\Output\HtmlHelp1\icons\pubdelegate.gif
C:\Program Files (x86)\EWSoftware\Sandcastle Help File Builder\PresentationStyles\VS2013\icons\pubenumeration.gif -&gt; C:\Projects\GeonBit.UI\Help\Working\Output\HtmlHelp1\icons\pubenumeration.gif
C:\Program Files (x86)\EWSoftware\Sandcastle Help File Builder\PresentationStyles\VS2013\icons\pubevent.gif -&gt; C:\Projects\GeonBit.UI\Help\Working\Output\HtmlHelp1\icons\pubevent.gif
C:\Program Files (x86)\EWSoftware\Sandcastle Help File Builder\PresentationStyles\VS2013\icons\pubextension.gif -&gt; C:\Projects\GeonBit.UI\Help\Working\Output\HtmlHelp1\icons\pubextension.gif
C:\Program Files (x86)\EWSoftware\Sandcastle Help File Builder\PresentationStyles\VS2013\icons\pubfield.gif -&gt; C:\Projects\GeonBit.UI\Help\Working\Output\HtmlHelp1\icons\pubfield.gif
C:\Program Files (x86)\EWSoftware\Sandcastle Help File Builder\PresentationStyles\VS2013\icons\pubinterface.gif -&gt; C:\Projects\GeonBit.UI\Help\Working\Output\HtmlHelp1\icons\pubinterface.gif
C:\Program Files (x86)\EWSoftware\Sandcastle Help File Builder\PresentationStyles\VS2013\icons\pubmethod.gif -&gt; C:\Projects\GeonBit.UI\Help\Working\Output\HtmlHelp1\icons\pubmethod.gif
C:\Program Files (x86)\EWSoftware\Sandcastle Help File Builder\PresentationStyles\VS2013\icons\puboperator.gif -&gt; C:\Projects\GeonBit.UI\Help\Working\Output\HtmlHelp1\icons\puboperator.gif
C:\Program Files (x86)\EWSoftware\Sandcastle Help File Builder\PresentationStyles\VS2013\icons\pubproperty.gif -&gt; C:\Projects\GeonBit.UI\Help\Working\Output\HtmlHelp1\icons\pubproperty.gif
C:\Program Files (x86)\EWSoftware\Sandcastle Help File Builder\PresentationStyles\VS2013\icons\pubstructure.gif -&gt; C:\Projects\GeonBit.UI\Help\Working\Output\HtmlHelp1\icons\pubstructure.gif
C:\Program Files (x86)\EWSoftware\Sandcastle Help File Builder\PresentationStyles\VS2013\icons\SectionCollapsed.png -&gt; C:\Projects\GeonBit.UI\Help\Working\Output\HtmlHelp1\icons\SectionCollapsed.png
C:\Program Files (x86)\EWSoftware\Sandcastle Help File Builder\PresentationStyles\VS2013\icons\SectionExpanded.png -&gt; C:\Projects\GeonBit.UI\Help\Working\Output\HtmlHelp1\icons\SectionExpanded.png
C:\Program Files (x86)\EWSoftware\Sandcastle Help File Builder\PresentationStyles\VS2013\icons\slMobile.gif -&gt; C:\Projects\GeonBit.UI\Help\Working\Output\HtmlHelp1\icons\slMobile.gif
C:\Program Files (x86)\EWSoftware\Sandcastle Help File Builder\PresentationStyles\VS2013\icons\static.gif -&gt; C:\Projects\GeonBit.UI\Help\Working\Output\HtmlHelp1\icons\static.gif
C:\Program Files (x86)\EWSoftware\Sandcastle Help File Builder\PresentationStyles\VS2013\icons\xna.gif -&gt; C:\Projects\GeonBit.UI\Help\Working\Output\HtmlHelp1\icons\xna.gif
C:\Program Files (x86)\EWSoftware\Sandcastle Help File Builder\PresentationStyles\VS2013\scripts\branding.js -&gt; C:\Projects\GeonBit.UI\Help\Working\Output\HtmlHelp1\scripts\branding.js
C:\Program Files (x86)\EWSoftware\Sandcastle Help File Builder\PresentationStyles\VS2013\styles\branding-cs-CZ.css -&gt; C:\Projects\GeonBit.UI\Help\Working\Output\HtmlHelp1\styles\branding-cs-CZ.css
C:\Program Files (x86)\EWSoftware\Sandcastle Help File Builder\PresentationStyles\VS2013\styles\branding-de-DE.css -&gt; C:\Projects\GeonBit.UI\Help\Working\Output\HtmlHelp1\styles\branding-de-DE.css
C:\Program Files (x86)\EWSoftware\Sandcastle Help File Builder\PresentationStyles\VS2013\styles\branding-en-US.css -&gt; C:\Projects\GeonBit.UI\Help\Working\Output\HtmlHelp1\styles\branding-en-US.css
C:\Program Files (x86)\EWSoftware\Sandcastle Help File Builder\PresentationStyles\VS2013\styles\branding-es-ES.css -&gt; C:\Projects\GeonBit.UI\Help\Working\Output\HtmlHelp1\styles\branding-es-ES.css
C:\Program Files (x86)\EWSoftware\Sandcastle Help File Builder\PresentationStyles\VS2013\styles\branding-fr-FR.css -&gt; C:\Projects\GeonBit.UI\Help\Working\Output\HtmlHelp1\styles\branding-fr-FR.css
C:\Program Files (x86)\EWSoftware\Sandcastle Help File Builder\PresentationStyles\VS2013\styles\branding-Help1.css -&gt; C:\Projects\GeonBit.UI\Help\Working\Output\HtmlHelp1\styles\branding-Help1.css
C:\Program Files (x86)\EWSoftware\Sandcastle Help File Builder\PresentationStyles\VS2013\styles\branding-HelpViewer.css -&gt; C:\Projects\GeonBit.UI\Help\Working\Output\HtmlHelp1\styles\branding-HelpViewer.css
C:\Program Files (x86)\EWSoftware\Sandcastle Help File Builder\PresentationStyles\VS2013\styles\branding-it-IT.css -&gt; C:\Projects\GeonBit.UI\Help\Working\Output\HtmlHelp1\styles\branding-it-IT.css
C:\Program Files (x86)\EWSoftware\Sandcastle Help File Builder\PresentationStyles\VS2013\styles\branding-ja-JP.css -&gt; C:\Projects\GeonBit.UI\Help\Working\Output\HtmlHelp1\styles\branding-ja-JP.css
C:\Program Files (x86)\EWSoftware\Sandcastle Help File Builder\PresentationStyles\VS2013\styles\branding-ko-KR.css -&gt; C:\Projects\GeonBit.UI\Help\Working\Output\HtmlHelp1\styles\branding-ko-KR.css
C:\Program Files (x86)\EWSoftware\Sandcastle Help File Builder\PresentationStyles\VS2013\styles\branding-pl-PL.css -&gt; C:\Projects\GeonBit.UI\Help\Working\Output\HtmlHelp1\styles\branding-pl-PL.css
C:\Program Files (x86)\EWSoftware\Sandcastle Help File Builder\PresentationStyles\VS2013\styles\branding-pt-BR.css -&gt; C:\Projects\GeonBit.UI\Help\Working\Output\HtmlHelp1\styles\branding-pt-BR.css
C:\Program Files (x86)\EWSoftware\Sandcastle Help File Builder\PresentationStyles\VS2013\styles\branding-ru-RU.css -&gt; C:\Projects\GeonBit.UI\Help\Working\Output\HtmlHelp1\styles\branding-ru-RU.css
C:\Program Files (x86)\EWSoftware\Sandcastle Help File Builder\PresentationStyles\VS2013\styles\branding-tr-TR.css -&gt; C:\Projects\GeonBit.UI\Help\Working\Output\HtmlHelp1\styles\branding-tr-TR.css
C:\Program Files (x86)\EWSoftware\Sandcastle Help File Builder\PresentationStyles\VS2013\styles\branding-Website.css -&gt; C:\Projects\GeonBit.UI\Help\Working\Output\HtmlHelp1\styles\branding-Website.css
C:\Program Files (x86)\EWSoftware\Sandcastle Help File Builder\PresentationStyles\VS2013\styles\branding-zh-CN.css -&gt; C:\Projects\GeonBit.UI\Help\Working\Output\HtmlHelp1\styles\branding-zh-CN.css
C:\Program Files (x86)\EWSoftware\Sandcastle Help File Builder\PresentationStyles\VS2013\styles\branding-zh-TW.css -&gt; C:\Projects\GeonBit.UI\Help\Working\Output\HtmlHelp1\styles\branding-zh-TW.css
C:\Program Files (x86)\EWSoftware\Sandcastle Help File Builder\PresentationStyles\VS2013\styles\branding.css -&gt; C:\Projects\GeonBit.UI\Help\Working\Output\HtmlHelp1\styles\branding.css
C:\Program Files (x86)\EWSoftware\Sandcastle Help File Builder\PresentationStyles\VS2013\icons\AlertCaution.png -&gt; C:\Projects\GeonBit.UI\Help\Working\Output\Website\icons\AlertCaution.png
C:\Program Files (x86)\EWSoftware\Sandcastle Help File Builder\PresentationStyles\VS2013\icons\AlertNote.png -&gt; C:\Projects\GeonBit.UI\Help\Working\Output\Website\icons\AlertNote.png
C:\Program Files (x86)\EWSoftware\Sandcastle Help File Builder\PresentationStyles\VS2013\icons\AlertSecurity.png -&gt; C:\Projects\GeonBit.UI\Help\Working\Output\Website\icons\AlertSecurity.png
C:\Program Files (x86)\EWSoftware\Sandcastle Help File Builder\PresentationStyles\VS2013\icons\CFW.gif -&gt; C:\Projects\GeonBit.UI\Help\Working\Output\Website\icons\CFW.gif
C:\Program Files (x86)\EWSoftware\Sandcastle Help File Builder\PresentationStyles\VS2013\icons\CodeExample.png -&gt; C:\Projects\GeonBit.UI\Help\Working\Output\Website\icons\CodeExample.png
C:\Program Files (x86)\EWSoftware\Sandcastle Help File Builder\PresentationStyles\VS2013\icons\favicon.ico -&gt; C:\Projects\GeonBit.UI\Help\Working\Output\Website\icons\favicon.ico
C:\Program Files (x86)\EWSoftware\Sandcastle Help File Builder\PresentationStyles\VS2013\icons\privclass.gif -&gt; C:\Projects\GeonBit.UI\Help\Working\Output\Website\icons\privclass.gif
C:\Program Files (x86)\EWSoftware\Sandcastle Help File Builder\PresentationStyles\VS2013\icons\privdelegate.gif -&gt; C:\Projects\GeonBit.UI\Help\Working\Output\Website\icons\privdelegate.gif
C:\Program Files (x86)\EWSoftware\Sandcastle Help File Builder\PresentationStyles\VS2013\icons\privenumeration.gif -&gt; C:\Projects\GeonBit.UI\Help\Working\Output\Website\icons\privenumeration.gif
C:\Program Files (x86)\EWSoftware\Sandcastle Help File Builder\PresentationStyles\VS2013\icons\privevent.gif -&gt; C:\Projects\GeonBit.UI\Help\Working\Output\Website\icons\privevent.gif
C:\Program Files (x86)\EWSoftware\Sandcastle Help File Builder\PresentationStyles\VS2013\icons\privextension.gif -&gt; C:\Projects\GeonBit.UI\Help\Working\Output\Website\icons\privextension.gif
C:\Program Files (x86)\EWSoftware\Sandcastle Help File Builder\PresentationStyles\VS2013\icons\privfield.gif -&gt; C:\Projects\GeonBit.UI\Help\Working\Output\Website\icons\privfield.gif
C:\Program Files (x86)\EWSoftware\Sandcastle Help File Builder\PresentationStyles\VS2013\icons\privinterface.gif -&gt; C:\Projects\GeonBit.UI\Help\Working\Output\Website\icons\privinterface.gif
C:\Program Files (x86)\EWSoftware\Sandcastle Help File Builder\PresentationStyles\VS2013\icons\privmethod.gif -&gt; C:\Projects\GeonBit.UI\Help\Working\Output\Website\icons\privmethod.gif
C:\Program Files (x86)\EWSoftware\Sandcastle Help File Builder\PresentationStyles\VS2013\icons\privproperty.gif -&gt; C:\Projects\GeonBit.UI\Help\Working\Output\Website\icons\privproperty.gif
C:\Program Files (x86)\EWSoftware\Sandcastle Help File Builder\PresentationStyles\VS2013\icons\privstructure.gif -&gt; C:\Projects\GeonBit.UI\Help\Working\Output\Website\icons\privstructure.gif
C:\Program Files (x86)\EWSoftware\Sandcastle Help File Builder\PresentationStyles\VS2013\icons\protclass.gif -&gt; C:\Projects\GeonBit.UI\Help\Working\Output\Website\icons\protclass.gif
C:\Program Files (x86)\EWSoftware\Sandcastle Help File Builder\PresentationStyles\VS2013\icons\protdelegate.gif -&gt; C:\Projects\GeonBit.UI\Help\Working\Output\Website\icons\protdelegate.gif
C:\Program Files (x86)\EWSoftware\Sandcastle Help File Builder\PresentationStyles\VS2013\icons\protenumeration.gif -&gt; C:\Projects\GeonBit.UI\Help\Working\Output\Website\icons\protenumeration.gif
C:\Program Files (x86)\EWSoftware\Sandcastle Help File Builder\PresentationStyles\VS2013\icons\protevent.gif -&gt; C:\Projects\GeonBit.UI\Help\Working\Output\Website\icons\protevent.gif
C:\Program Files (x86)\EWSoftware\Sandcastle Help File Builder\PresentationStyles\VS2013\icons\protextension.gif -&gt; C:\Projects\GeonBit.UI\Help\Working\Output\Website\icons\protextension.gif
C:\Program Files (x86)\EWSoftware\Sandcastle Help File Builder\PresentationStyles\VS2013\icons\protfield.gif -&gt; C:\Projects\GeonBit.UI\Help\Working\Output\Website\icons\protfield.gif
C:\Program Files (x86)\EWSoftware\Sandcastle Help File Builder\PresentationStyles\VS2013\icons\protinterface.gif -&gt; C:\Projects\GeonBit.UI\Help\Working\Output\Website\icons\protinterface.gif
C:\Program Files (x86)\EWSoftware\Sandcastle Help File Builder\PresentationStyles\VS2013\icons\protmethod.gif -&gt; C:\Projects\GeonBit.UI\Help\Working\Output\Website\icons\protmethod.gif
C:\Program Files (x86)\EWSoftware\Sandcastle Help File Builder\PresentationStyles\VS2013\icons\protoperator.gif -&gt; C:\Projects\GeonBit.UI\Help\Working\Output\Website\icons\protoperator.gif
C:\Program Files (x86)\EWSoftware\Sandcastle Help File Builder\PresentationStyles\VS2013\icons\protproperty.gif -&gt; C:\Projects\GeonBit.UI\Help\Working\Output\Website\icons\protproperty.gif
C:\Program Files (x86)\EWSoftware\Sandcastle Help File Builder\PresentationStyles\VS2013\icons\protstructure.gif -&gt; C:\Projects\GeonBit.UI\Help\Working\Output\Website\icons\protstructure.gif
C:\Program Files (x86)\EWSoftware\Sandcastle Help File Builder\PresentationStyles\VS2013\icons\pubclass.gif -&gt; C:\Projects\GeonBit.UI\Help\Working\Output\Website\icons\pubclass.gif
C:\Program Files (x86)\EWSoftware\Sandcastle Help File Builder\PresentationStyles\VS2013\icons\pubdelegate.gif -&gt; C:\Projects\GeonBit.UI\Help\Working\Output\Website\icons\pubdelegate.gif
C:\Program Files (x86)\EWSoftware\Sandcastle Help File Builder\PresentationStyles\VS2013\icons\pubenumeration.gif -&gt; C:\Projects\GeonBit.UI\Help\Working\Output\Website\icons\pubenumeration.gif
C:\Program Files (x86)\EWSoftware\Sandcastle Help File Builder\PresentationStyles\VS2013\icons\pubevent.gif -&gt; C:\Projects\GeonBit.UI\Help\Working\Output\Website\icons\pubevent.gif
C:\Program Files (x86)\EWSoftware\Sandcastle Help File Builder\PresentationStyles\VS2013\icons\pubextension.gif -&gt; C:\Projects\GeonBit.UI\Help\Working\Output\Website\icons\pubextension.gif
C:\Program Files (x86)\EWSoftware\Sandcastle Help File Builder\PresentationStyles\VS2013\icons\pubfield.gif -&gt; C:\Projects\GeonBit.UI\Help\Working\Output\Website\icons\pubfield.gif
C:\Program Files (x86)\EWSoftware\Sandcastle Help File Builder\PresentationStyles\VS2013\icons\pubinterface.gif -&gt; C:\Projects\GeonBit.UI\Help\Working\Output\Website\icons\pubinterface.gif
C:\Program Files (x86)\EWSoftware\Sandcastle Help File Builder\PresentationStyles\VS2013\icons\pubmethod.gif -&gt; C:\Projects\GeonBit.UI\Help\Working\Output\Website\icons\pubmethod.gif
C:\Program Files (x86)\EWSoftware\Sandcastle Help File Builder\PresentationStyles\VS2013\icons\puboperator.gif -&gt; C:\Projects\GeonBit.UI\Help\Working\Output\Website\icons\puboperator.gif
C:\Program Files (x86)\EWSoftware\Sandcastle Help File Builder\PresentationStyles\VS2013\icons\pubproperty.gif -&gt; C:\Projects\GeonBit.UI\Help\Working\Output\Website\icons\pubproperty.gif
C:\Program Files (x86)\EWSoftware\Sandcastle Help File Builder\PresentationStyles\VS2013\icons\pubstructure.gif -&gt; C:\Projects\GeonBit.UI\Help\Working\Output\Website\icons\pubstructure.gif
C:\Program Files (x86)\EWSoftware\Sandcastle Help File Builder\PresentationStyles\VS2013\icons\SectionCollapsed.png -&gt; C:\Projects\GeonBit.UI\Help\Working\Output\Website\icons\SectionCollapsed.png
C:\Program Files (x86)\EWSoftware\Sandcastle Help File Builder\PresentationStyles\VS2013\icons\SectionExpanded.png -&gt; C:\Projects\GeonBit.UI\Help\Working\Output\Website\icons\SectionExpanded.png
C:\Program Files (x86)\EWSoftware\Sandcastle Help File Builder\PresentationStyles\VS2013\icons\slMobile.gif -&gt; C:\Projects\GeonBit.UI\Help\Working\Output\Website\icons\slMobile.gif
C:\Program Files (x86)\EWSoftware\Sandcastle Help File Builder\PresentationStyles\VS2013\icons\static.gif -&gt; C:\Projects\GeonBit.UI\Help\Working\Output\Website\icons\static.gif
C:\Program Files (x86)\EWSoftware\Sandcastle Help File Builder\PresentationStyles\VS2013\icons\xna.gif -&gt; C:\Projects\GeonBit.UI\Help\Working\Output\Website\icons\xna.gif
C:\Program Files (x86)\EWSoftware\Sandcastle Help File Builder\PresentationStyles\VS2013\scripts\branding.js -&gt; C:\Projects\GeonBit.UI\Help\Working\Output\Website\scripts\branding.js
C:\Program Files (x86)\EWSoftware\Sandcastle Help File Builder\PresentationStyles\VS2013\styles\branding-cs-CZ.css -&gt; C:\Projects\GeonBit.UI\Help\Working\Output\Website\styles\branding-cs-CZ.css
C:\Program Files (x86)\EWSoftware\Sandcastle Help File Builder\PresentationStyles\VS2013\styles\branding-de-DE.css -&gt; C:\Projects\GeonBit.UI\Help\Working\Output\Website\styles\branding-de-DE.css
C:\Program Files (x86)\EWSoftware\Sandcastle Help File Builder\PresentationStyles\VS2013\styles\branding-en-US.css -&gt; C:\Projects\GeonBit.UI\Help\Working\Output\Website\styles\branding-en-US.css
C:\Program Files (x86)\EWSoftware\Sandcastle Help File Builder\PresentationStyles\VS2013\styles\branding-es-ES.css -&gt; C:\Projects\GeonBit.UI\Help\Working\Output\Website\styles\branding-es-ES.css
C:\Program Files (x86)\EWSoftware\Sandcastle Help File Builder\PresentationStyles\VS2013\styles\branding-fr-FR.css -&gt; C:\Projects\GeonBit.UI\Help\Working\Output\Website\styles\branding-fr-FR.css
C:\Program Files (x86)\EWSoftware\Sandcastle Help File Builder\PresentationStyles\VS2013\styles\branding-Help1.css -&gt; C:\Projects\GeonBit.UI\Help\Working\Output\Website\styles\branding-Help1.css
C:\Program Files (x86)\EWSoftware\Sandcastle Help File Builder\PresentationStyles\VS2013\styles\branding-HelpViewer.css -&gt; C:\Projects\GeonBit.UI\Help\Working\Output\Website\styles\branding-HelpViewer.css
C:\Program Files (x86)\EWSoftware\Sandcastle Help File Builder\PresentationStyles\VS2013\styles\branding-it-IT.css -&gt; C:\Projects\GeonBit.UI\Help\Working\Output\Website\styles\branding-it-IT.css
C:\Program Files (x86)\EWSoftware\Sandcastle Help File Builder\PresentationStyles\VS2013\styles\branding-ja-JP.css -&gt; C:\Projects\GeonBit.UI\Help\Working\Output\Website\styles\branding-ja-JP.css
C:\Program Files (x86)\EWSoftware\Sandcastle Help File Builder\PresentationStyles\VS2013\styles\branding-ko-KR.css -&gt; C:\Projects\GeonBit.UI\Help\Working\Output\Website\styles\branding-ko-KR.css
C:\Program Files (x86)\EWSoftware\Sandcastle Help File Builder\PresentationStyles\VS2013\styles\branding-pl-PL.css -&gt; C:\Projects\GeonBit.UI\Help\Working\Output\Website\styles\branding-pl-PL.css
C:\Program Files (x86)\EWSoftware\Sandcastle Help File Builder\PresentationStyles\VS2013\styles\branding-pt-BR.css -&gt; C:\Projects\GeonBit.UI\Help\Working\Output\Website\styles\branding-pt-BR.css
C:\Program Files (x86)\EWSoftware\Sandcastle Help File Builder\PresentationStyles\VS2013\styles\branding-ru-RU.css -&gt; C:\Projects\GeonBit.UI\Help\Working\Output\Website\styles\branding-ru-RU.css
C:\Program Files (x86)\EWSoftware\Sandcastle Help File Builder\PresentationStyles\VS2013\styles\branding-tr-TR.css -&gt; C:\Projects\GeonBit.UI\Help\Working\Output\Website\styles\branding-tr-TR.css
C:\Program Files (x86)\EWSoftware\Sandcastle Help File Builder\PresentationStyles\VS2013\styles\branding-Website.css -&gt; C:\Projects\GeonBit.UI\Help\Working\Output\Website\styles\branding-Website.css
C:\Program Files (x86)\EWSoftware\Sandcastle Help File Builder\PresentationStyles\VS2013\styles\branding-zh-CN.css -&gt; C:\Projects\GeonBit.UI\Help\Working\Output\Website\styles\branding-zh-CN.css
C:\Program Files (x86)\EWSoftware\Sandcastle Help File Builder\PresentationStyles\VS2013\styles\branding-zh-TW.css -&gt; C:\Projects\GeonBit.UI\Help\Working\Output\Website\styles\branding-zh-TW.css
C:\Program Files (x86)\EWSoftware\Sandcastle Help File Builder\PresentationStyles\VS2013\styles\branding.css -&gt; C:\Projects\GeonBit.UI\Help\Working\Output\Website\styles\branding.css
C:\Program Files (x86)\EWSoftware\Sandcastle Help File Builder\PresentationStyles\VS2013\Web\index.html -&gt; C:\Projects\GeonBit.UI\Help\Working\Output\Website\index.html
C:\Program Files (x86)\EWSoftware\Sandcastle Help File Builder\PresentationStyles\VS2013\Web\search.html -&gt; C:\Projects\GeonBit.UI\Help\Working\Output\Website\search.html
C:\Program Files (x86)\EWSoftware\Sandcastle Help File Builder\PresentationStyles\VS2013\Web\SearchHelp.aspx -&gt; C:\Projects\GeonBit.UI\Help\Working\Output\Website\SearchHelp.aspx
C:\Program Files (x86)\EWSoftware\Sandcastle Help File Builder\PresentationStyles\VS2013\Web\SearchHelp.inc.php -&gt; C:\Projects\GeonBit.UI\Help\Working\Output\Website\SearchHelp.inc.php
C:\Program Files (x86)\EWSoftware\Sandcastle Help File Builder\PresentationStyles\VS2013\Web\SearchHelp.php -&gt; C:\Projects\GeonBit.UI\Help\Working\Output\Website\SearchHelp.php
C:\Program Files (x86)\EWSoftware\Sandcastle Help File Builder\PresentationStyles\VS2013\Web\Web.Config -&gt; C:\Projects\GeonBit.UI\Help\Working\Output\Website\Web.Config
C:\Program Files (x86)\EWSoftware\Sandcastle Help File Builder\PresentationStyles\VS2013\Web\icons\Search.png -&gt; C:\Projects\GeonBit.UI\Help\Working\Output\Website\icons\Search.png
C:\Program Files (x86)\EWSoftware\Sandcastle Help File Builder\PresentationStyles\VS2013\Web\icons\TocClose.gif -&gt; C:\Projects\GeonBit.UI\Help\Working\Output\Website\icons\TocClose.gif
C:\Program Files (x86)\EWSoftware\Sandcastle Help File Builder\PresentationStyles\VS2013\Web\icons\TocCollapsed.gif -&gt; C:\Projects\GeonBit.UI\Help\Working\Output\Website\icons\TocCollapsed.gif
C:\Program Files (x86)\EWSoftware\Sandcastle Help File Builder\PresentationStyles\VS2013\Web\icons\TocExpanded.gif -&gt; C:\Projects\GeonBit.UI\Help\Working\Output\Website\icons\TocExpanded.gif
C:\Program Files (x86)\EWSoftware\Sandcastle Help File Builder\PresentationStyles\VS2013\Web\icons\TocOpen.gif -&gt; C:\Projects\GeonBit.UI\Help\Working\Output\Website\icons\TocOpen.gif
C:\Program Files (x86)\EWSoftware\Sandcastle Help File Builder\PresentationStyles\VS2013\Web\scripts\branding-Website.js -&gt; C:\Projects\GeonBit.UI\Help\Working\Output\Website\scripts\branding-Website.js
C:\Program Files (x86)\EWSoftware\Sandcastle Help File Builder\PresentationStyles\VS2013\Web\scripts\clipboard.min.js -&gt; C:\Projects\GeonBit.UI\Help\Working\Output\Website\scripts\clipboard.min.js
C:\Program Files (x86)\EWSoftware\Sandcastle Help File Builder\PresentationStyles\VS2013\Web\scripts\jquery-1.11.0.min.js -&gt; C:\Projects\GeonBit.UI\Help\Working\Output\Website\scripts\jquery-1.11.0.min.js
    Last step completed in 00:00:00.3621
</buildStep>
<buildStep step="GenerateHelpFormatTableOfContents">
Generating HTML Help 1 table of contents file...
    Last step completed in 00:00:00.0000
</buildStep>
<buildStep step="GenerateHelpFileIndex">
Generating HTML Help 1 index file...
    Last step completed in 00:00:00.0000
</buildStep>
<buildStep step="GenerateHelpProject">
Generating HTML Help 1 project file...
    Last step completed in 00:00:00.0156
</buildStep>
<buildStep step="CompilingHelpFile">
Compiling HTML Help 1 file...
[C:\Windows\Microsoft.NET\Framework64\v4.0.30319\MSBuild.exe - Build1xHelpFile.proj]
Project file contains ToolsVersion=&quot;12.0&quot;. This toolset may be unknown or missing, in which case you may be able to resolve this by installing the appropriate version of MSBuild, or the build may have been forced to a particular ToolsVersion for policy reasons. Treating the project as if it had ToolsVersion=&quot;4.0&quot;. For more information, please see http://go.microsoft.com/fwlink/?LinkId=291333.
  Microsoft HTML Help Compiler 4.74.8702
  
  
  
  Compiling c:\Projects\GeonBit.UI\Help\Working\Output\HtmlHelp1\Documentation.chm
  
  
  
  
  
  Compile time: 0 minutes, 2 seconds
  
  508	Topics
  
  11,857	Local links
  
  1,012	Internet links
  
  0	Graphics
  
  
  
  
  
  Created c:\Projects\GeonBit.UI\Help\Working\Output\HtmlHelp1\Documentation.chm, 631,477 bytes
  
  Compression decreased file by 4,658,753 bytes.
  
    Last step completed in 00:00:03.1722
</buildStep>
<buildStep step="GenerateHelpFormatTableOfContents">
Generating website table of contents file...
    Last step completed in 00:00:00.0000
</buildStep>
<buildStep step="GenerateFullTextIndex">
Generating full-text index for the website...

<plugIn name="Lightweight Website Style" behavior="After" priority="1000">
Adding lightweight search and TOC elements to each topic...
</plugIn>    Last step completed in 00:00:02.5471
</buildStep>
<buildStep step="CopyingWebsiteFiles">
Copying website files to output folder...

Copied 500 files
Copied 712 files for the website content
    Last step completed in 00:00:00.6719
</buildStep>
<buildStep step="CleanIntermediates">
Removing intermediate files...
    Last step completed in 00:00:00.2813
</buildStep>
<buildStep step="Completed">

Build completed successfully at 5/9/2017 10:36:15 PM.  Total time: 00:00:35.6688

</buildStep>
</shfbBuild>
